Arguments: 
  /Users/federicoghedina/.nvm/versions/node/v11.15.0/bin/node /usr/local/Cellar/yarn/1.15.2/libexec/bin/yarn.js add babel-cli

PATH: 
  /Users/federicoghedina/Library/Android/sdk/build-tools/23.0.1:/Users/federicoghedina/Library/Android/sdk/platform-tools:/Users/federicoghedina/Library/Android/sdk/emulator:/Users/federicoghedina/Library/Android/sdk/tools:/Users/federicoghedina/.nvm/versions/node/v11.15.0/bin:/Users/federicoghedina/Library/Android/sdk/platform-tools:/Users/federicoghedina/.nvm/versions/node/v6.11.2:/usr/local/sbin:/usr/local/php5/bin:/usr/local/mysql/bin:/usr/local/bin:/usr/local/bin:/usr/local/bin:/usr/bin:/bin:/usr/sbin:/sbin:/opt/X11/bin:/Applications/Wireshark.app/Contents/MacOS:/Users/federicoghedina/bin:/Applications/nwjs-sdk-v0.24.4-osx-x64/nwjs.app/Contents/MacOS:/usr/local/Cellar/kafka/1.0.0/bin:/usr/local/mongodb/bin

Yarn version: 
  1.15.2

Node version: 
  11.15.0

Platform: 
  darwin x64

Trace: 
  SyntaxError: /Users/federicoghedina/node/maltaplugins/malta-babel/package.json: Unexpected token } in JSON at position 781
      at JSON.parse (<anonymous>)
      at /usr/local/Cellar/yarn/1.15.2/libexec/lib/cli.js:1625:59
      at Generator.next (<anonymous>)
      at step (/usr/local/Cellar/yarn/1.15.2/libexec/lib/cli.js:304:30)
      at /usr/local/Cellar/yarn/1.15.2/libexec/lib/cli.js:315:13

npm manifest: 
  {
      "name": "malta-babel",
      "version": "1.0.16",
      "description": "Malta plugin to transpill on the fly.",
      "scripts": {
          "test": "echo \"Error: no test specified\" && exit 1"
      },
      "repository": {
          "type": "git",
          "url": "https://fedeghe@github.com/fedeghe/malta-babel.git"
      },
      "keywords": [
          "malta",
          "malta plugin",
          "malta es6",
          "malta babel",
          "malta babel plugin"
      ],
      "author": "Federico Ghedina <fedeghe@gmail.com>",
      "license": "MIT",
      "bugs": {
          "url": "https://github.com/fedeghe/malta-babel/issues"
      },
      "dependencies": {
          "babel-preset-es2015": "^6.24.1",
          "babel-preset-es2016": "^6.24.1",
          "malta": "4.0.4"
      },
      "main": "./index.js",
  }

yarn manifest: 
  No manifest

Lockfile: 
  No lockfile
